2023-04-10 10:33:24,221 t=0: Starting Simulation
2023-04-10 10:33:24,222 t=0: Data Input 0	 Requests: 6 Warm Containers: 4
2023-04-10 10:33:24,222 t=0: Initializing 1 warm containers
2023-04-10 10:33:24,222 t=0: No. of warm containers available: 0
2023-04-10 10:33:24,223 t=1: Initializing 1 warm containers
2023-04-10 10:33:24,223 t=1: No. of warm containers available: 1
2023-04-10 10:33:24,223 t=2: Initializing 1 warm containers
2023-04-10 10:33:24,223 t=2: No. of warm containers available: 2
2023-04-10 10:33:24,223 t=3: Initializing 1 warm containers
2023-04-10 10:33:24,224 t=3: No. of warm containers available: 3
2023-04-10 10:33:24,224 t=4: No. of warm containers available: 4
2023-04-10 10:33:24,224 t=4: No. of incoming requests: 2
2023-04-10 10:33:24,224 t=4: Warm container with container index 0 used
2023-04-10 10:33:24,224 t=4: No. of incoming requests: 2
2023-04-10 10:33:24,225 t=4: Warm container with container index 1 used
2023-04-10 10:33:24,225 t=5: No. of warm containers available: 4
2023-04-10 10:33:24,225 t=6: No. of warm containers available: 4
2023-04-10 10:33:24,225 t=6: No. of incoming requests: 4
2023-04-10 10:33:24,225 t=6: Warm container with container index 2 used
2023-04-10 10:33:24,226 t=6: No. of incoming requests: 4
2023-04-10 10:33:24,226 t=6: Warm container with container index 3 used
2023-04-10 10:33:24,226 t=6: No. of incoming requests: 4
2023-04-10 10:33:24,226 t=6: Warm container with container index 0 used
2023-04-10 10:33:24,226 t=6: No. of incoming requests: 4
2023-04-10 10:33:24,227 t=6: Warm container with container index 1 used
2023-04-10 10:33:24,227 t=7: LRU Cold starts: 0
2023-04-10 10:33:24,227 t=7: MRU Cold starts: 2
2023-04-10 10:33:24,227 t=0: Data Input 1	 Requests: 15 Warm Containers: 10
2023-04-10 10:33:24,228 t=0: Initializing 5 warm containers
2023-04-10 10:33:24,228 t=0: No. of warm containers available: 0
2023-04-10 10:33:24,228 t=1: No. of warm containers available: 5
2023-04-10 10:33:24,228 t=2: No. of warm containers available: 5
2023-04-10 10:33:24,229 t=3: Initializing 5 warm containers
2023-04-10 10:33:24,229 t=3: No. of warm containers available: 5
2023-04-10 10:33:24,229 t=4: No. of warm containers available: 10
2023-04-10 10:33:24,229 t=4: No. of incoming requests: 5
2023-04-10 10:33:24,229 t=4: Warm container with container index 0 used
2023-04-10 10:33:24,229 t=4: No. of incoming requests: 5
2023-04-10 10:33:24,230 t=4: Warm container with container index 1 used
2023-04-10 10:33:24,230 t=4: No. of incoming requests: 5
2023-04-10 10:33:24,230 t=4: Warm container with container index 2 used
2023-04-10 10:33:24,230 t=4: No. of incoming requests: 5
2023-04-10 10:33:24,230 t=4: Warm container with container index 3 used
2023-04-10 10:33:24,231 t=4: No. of incoming requests: 5
2023-04-10 10:33:24,231 t=4: Warm container with container index 4 used
2023-04-10 10:33:24,231 t=5: No. of warm containers available: 10
2023-04-10 10:33:24,231 t=6: No. of warm containers available: 10
2023-04-10 10:33:24,232 t=7: No. of warm containers available: 10
2023-04-10 10:33:24,232 t=7: No. of incoming requests: 10
2023-04-10 10:33:24,232 t=7: Warm container with container index 5 used
2023-04-10 10:33:24,233 t=7: No. of incoming requests: 10
2023-04-10 10:33:24,233 t=7: Warm container with container index 6 used
2023-04-10 10:33:24,233 t=7: No. of incoming requests: 10
2023-04-10 10:33:24,233 t=7: Warm container with container index 7 used
2023-04-10 10:33:24,233 t=7: No. of incoming requests: 10
2023-04-10 10:33:24,233 t=7: Warm container with container index 8 used
2023-04-10 10:33:24,234 t=7: No. of incoming requests: 10
2023-04-10 10:33:24,234 t=7: Warm container with container index 9 used
2023-04-10 10:33:24,234 t=7: No. of incoming requests: 10
2023-04-10 10:33:24,234 t=7: Warm container with container index 0 used
2023-04-10 10:33:24,234 t=7: No. of incoming requests: 10
2023-04-10 10:33:24,234 t=7: Warm container with container index 1 used
2023-04-10 10:33:24,235 t=7: No. of incoming requests: 10
2023-04-10 10:33:24,235 t=7: Warm container with container index 2 used
2023-04-10 10:33:24,235 t=7: No. of incoming requests: 10
2023-04-10 10:33:24,235 t=7: Warm container with container index 3 used
2023-04-10 10:33:24,235 t=7: No. of incoming requests: 10
2023-04-10 10:33:24,235 t=7: Warm container with container index 4 used
2023-04-10 10:33:24,236 t=8: LRU Cold starts: 0
2023-04-10 10:33:24,236 t=8: MRU Cold starts: 5
2023-04-10 10:33:24,236 t=0: Data Input 2	 Requests: 6 Warm Containers: 4
2023-04-10 10:33:24,236 t=0: Initializing 2 warm containers
2023-04-10 10:33:24,236 t=0: No. of warm containers available: 0
2023-04-10 10:33:24,236 t=1: No. of warm containers available: 2
2023-04-10 10:33:24,236 t=2: No. of warm containers available: 2
2023-04-10 10:33:24,237 t=3: Initializing 2 warm containers
2023-04-10 10:33:24,237 t=3: No. of warm containers available: 2
2023-04-10 10:33:24,237 t=4: No. of warm containers available: 4
2023-04-10 10:33:24,237 t=4: No. of incoming requests: 2
2023-04-10 10:33:24,237 t=4: Warm container with container index 0 used
2023-04-10 10:33:24,238 t=4: No. of incoming requests: 2
2023-04-10 10:33:24,238 t=4: Warm container with container index 1 used
2023-04-10 10:33:24,238 t=5: No. of warm containers available: 4
2023-04-10 10:33:24,238 t=6: No. of warm containers available: 4
2023-04-10 10:33:24,238 t=6: No. of incoming requests: 4
2023-04-10 10:33:24,239 t=6: Warm container with container index 2 used
2023-04-10 10:33:24,239 t=6: No. of incoming requests: 4
2023-04-10 10:33:24,239 t=6: Warm container with container index 3 used
2023-04-10 10:33:24,239 t=6: No. of incoming requests: 4
2023-04-10 10:33:24,239 t=6: Warm container with container index 0 used
2023-04-10 10:33:24,239 t=6: No. of incoming requests: 4
2023-04-10 10:33:24,240 t=6: Warm container with container index 1 used
2023-04-10 10:33:24,240 t=7: No. of warm containers available: 4
2023-04-10 10:33:24,240 t=8: LRU Cold starts: 0
2023-04-10 10:33:24,240 t=8: MRU Cold starts: 2
2023-04-10 10:33:24,240 t=0: Data Input 3	 Requests: 13 Warm Containers: 8
2023-04-10 10:33:24,240 t=0: Initializing 5 warm containers
2023-04-10 10:33:24,241 t=0: No. of warm containers available: 0
2023-04-10 10:33:24,241 t=1: No. of warm containers available: 5
2023-04-10 10:33:24,241 t=2: No. of warm containers available: 5
2023-04-10 10:33:24,241 t=3: Initializing 3 warm containers
2023-04-10 10:33:24,241 t=3: No. of warm containers available: 5
2023-04-10 10:33:24,241 t=4: No. of warm containers available: 8
2023-04-10 10:33:24,241 t=4: No. of incoming requests: 5
2023-04-10 10:33:24,241 t=4: Warm container with container index 0 used
2023-04-10 10:33:24,241 t=4: No. of incoming requests: 5
2023-04-10 10:33:24,242 t=4: Warm container with container index 1 used
2023-04-10 10:33:24,242 t=4: No. of incoming requests: 5
2023-04-10 10:33:24,242 t=4: Warm container with container index 2 used
2023-04-10 10:33:24,242 t=4: No. of incoming requests: 5
2023-04-10 10:33:24,242 t=4: Warm container with container index 3 used
2023-04-10 10:33:24,242 t=4: No. of incoming requests: 5
2023-04-10 10:33:24,243 t=4: Warm container with container index 4 used
2023-04-10 10:33:24,243 t=5: No. of warm containers available: 8
2023-04-10 10:33:24,243 t=6: No. of warm containers available: 8
2023-04-10 10:33:24,243 t=7: No. of warm containers available: 8
2023-04-10 10:33:24,243 t=7: No. of incoming requests: 8
2023-04-10 10:33:24,244 t=7: Warm container with container index 5 used
2023-04-10 10:33:24,244 t=7: No. of incoming requests: 8
2023-04-10 10:33:24,244 t=7: Warm container with container index 6 used
2023-04-10 10:33:24,244 t=7: No. of incoming requests: 8
2023-04-10 10:33:24,244 t=7: Warm container with container index 7 used
2023-04-10 10:33:24,244 t=7: No. of incoming requests: 8
2023-04-10 10:33:24,244 t=7: Warm container with container index 0 used
2023-04-10 10:33:24,244 t=7: No. of incoming requests: 8
2023-04-10 10:33:24,244 t=7: Warm container with container index 1 used
2023-04-10 10:33:24,244 t=7: No. of incoming requests: 8
2023-04-10 10:33:24,245 t=7: Warm container with container index 2 used
2023-04-10 10:33:24,245 t=7: No. of incoming requests: 8
2023-04-10 10:33:24,245 t=7: Warm container with container index 3 used
2023-04-10 10:33:24,245 t=7: No. of incoming requests: 8
2023-04-10 10:33:24,245 t=7: Warm container with container index 4 used
2023-04-10 10:33:24,245 t=8: LRU Cold starts: 0
2023-04-10 10:33:24,245 t=8: MRU Cold starts: 3
2023-04-10 10:33:24,245 t=0: Data Input 4	 Requests: 9 Warm Containers: 6
2023-04-10 10:33:24,245 t=0: Initializing 3 warm containers
2023-04-10 10:33:24,246 t=0: No. of warm containers available: 0
2023-04-10 10:33:24,246 t=1: No. of warm containers available: 3
2023-04-10 10:33:24,246 t=2: No. of warm containers available: 3
2023-04-10 10:33:24,246 t=3: Initializing 3 warm containers
2023-04-10 10:33:24,246 t=3: No. of warm containers available: 3
2023-04-10 10:33:24,247 t=4: No. of warm containers available: 6
2023-04-10 10:33:24,247 t=4: No. of incoming requests: 3
2023-04-10 10:33:24,247 t=4: Warm container with container index 0 used
2023-04-10 10:33:24,247 t=4: No. of incoming requests: 3
2023-04-10 10:33:24,247 t=4: Warm container with container index 1 used
2023-04-10 10:33:24,248 t=4: No. of incoming requests: 3
2023-04-10 10:33:24,248 t=4: Warm container with container index 2 used
2023-04-10 10:33:24,248 t=5: No. of warm containers available: 6
2023-04-10 10:33:24,248 t=6: No. of warm containers available: 6
2023-04-10 10:33:24,249 t=7: No. of warm containers available: 6
2023-04-10 10:33:24,249 t=7: No. of incoming requests: 6
2023-04-10 10:33:24,249 t=7: Warm container with container index 3 used
2023-04-10 10:33:24,249 t=7: No. of incoming requests: 6
2023-04-10 10:33:24,249 t=7: Warm container with container index 4 used
2023-04-10 10:33:24,249 t=7: No. of incoming requests: 6
2023-04-10 10:33:24,249 t=7: Warm container with container index 5 used
2023-04-10 10:33:24,249 t=7: No. of incoming requests: 6
2023-04-10 10:33:24,249 t=7: Warm container with container index 0 used
2023-04-10 10:33:24,249 t=7: No. of incoming requests: 6
2023-04-10 10:33:24,250 t=7: Warm container with container index 1 used
2023-04-10 10:33:24,250 t=7: No. of incoming requests: 6
2023-04-10 10:33:24,250 t=7: Warm container with container index 2 used
2023-04-10 10:33:24,250 t=8: LRU Cold starts: 0
2023-04-10 10:33:24,250 t=8: MRU Cold starts: 3
2023-04-10 10:33:24,250 t=0: Data Input 5	 Requests: 7 Warm Containers: 4
2023-04-10 10:33:24,250 t=0: Initializing 2 warm containers
2023-04-10 10:33:24,250 t=0: No. of warm containers available: 0
2023-04-10 10:33:24,250 t=1: No. of warm containers available: 2
2023-04-10 10:33:24,251 t=2: No. of warm containers available: 2
2023-04-10 10:33:24,251 t=3: Initializing 2 warm containers
2023-04-10 10:33:24,251 t=3: No. of warm containers available: 2
2023-04-10 10:33:24,251 t=4: No. of warm containers available: 4
2023-04-10 10:33:24,251 t=4: No. of incoming requests: 3
2023-04-10 10:33:24,251 t=4: Warm container with container index 0 used
2023-04-10 10:33:24,251 t=4: No. of incoming requests: 3
2023-04-10 10:33:24,251 t=4: Warm container with container index 1 used
2023-04-10 10:33:24,251 t=4: No. of incoming requests: 3
2023-04-10 10:33:24,251 t=4: Warm container with container index 2 used
2023-04-10 10:33:24,251 t=5: No. of warm containers available: 4
2023-04-10 10:33:24,251 t=6: No. of warm containers available: 4
2023-04-10 10:33:24,252 t=7: No. of warm containers available: 4
2023-04-10 10:33:24,252 t=7: No. of incoming requests: 4
2023-04-10 10:33:24,252 t=7: Warm container with container index 3 used
2023-04-10 10:33:24,252 t=7: No. of incoming requests: 4
2023-04-10 10:33:24,252 t=7: Warm container with container index 0 used
2023-04-10 10:33:24,252 t=7: No. of incoming requests: 4
2023-04-10 10:33:24,252 t=7: Warm container with container index 1 used
2023-04-10 10:33:24,252 t=7: No. of incoming requests: 4
2023-04-10 10:33:24,252 t=7: Warm container with container index 2 used
2023-04-10 10:33:24,252 t=8: LRU Cold starts: 0
2023-04-10 10:33:24,252 t=8: MRU Cold starts: 1
