2023-04-10 23:15:45,814 t=0: Starting Simulation
2023-04-10 23:15:45,815 t=0: Data Input 0	 Requests: 6 Warm Containers: 4
2023-04-10 23:15:45,815 t=0: Initializing 1 warm containers
2023-04-10 23:15:45,815 t=0: No. of warm containers available: 0
2023-04-10 23:15:45,815 t=1: Initializing 1 warm containers
2023-04-10 23:15:45,815 t=1: No. of warm containers available: 1
2023-04-10 23:15:45,815 t=2: Initializing 1 warm containers
2023-04-10 23:15:45,816 t=2: No. of warm containers available: 2
2023-04-10 23:15:45,816 t=3: Initializing 1 warm containers
2023-04-10 23:15:45,816 t=3: No. of warm containers available: 3
2023-04-10 23:15:45,816 t=4: No. of warm containers available: 4
2023-04-10 23:15:45,816 t=4: No. of incoming requests: 2
2023-04-10 23:15:45,816 t=4: Warm container with container index 0 used
2023-04-10 23:15:45,816 t=4: No. of incoming requests: 2
2023-04-10 23:15:45,816 t=4: Warm container with container index 1 used
2023-04-10 23:15:45,816 t=5: No. of warm containers available: 4
2023-04-10 23:15:45,816 t=6: No. of warm containers available: 4
2023-04-10 23:15:45,816 t=6: No. of incoming requests: 4
2023-04-10 23:15:45,816 t=6: Warm container with container index 2 used
2023-04-10 23:15:45,816 t=6: No. of incoming requests: 4
2023-04-10 23:15:45,816 t=6: Warm container with container index 3 used
2023-04-10 23:15:45,817 t=6: No. of incoming requests: 4
2023-04-10 23:15:45,817 t=6: Warm container with container index 0 used
2023-04-10 23:15:45,817 t=6: No. of incoming requests: 4
2023-04-10 23:15:45,817 t=6: Warm container with container index 1 used
2023-04-10 23:15:45,817 t=7: LRU Cold starts: 0
2023-04-10 23:15:45,817 t=7: MRU Cold starts: 2
2023-04-10 23:15:45,817 t=0: Data Input 1	 Requests: 15 Warm Containers: 10
2023-04-10 23:15:45,817 t=0: Initializing 5 warm containers
2023-04-10 23:15:45,817 t=0: No. of warm containers available: 0
2023-04-10 23:15:45,817 t=1: No. of warm containers available: 5
2023-04-10 23:15:45,817 t=2: No. of warm containers available: 5
2023-04-10 23:15:45,817 t=3: Initializing 5 warm containers
2023-04-10 23:15:45,818 t=3: No. of warm containers available: 5
2023-04-10 23:15:45,818 t=4: No. of warm containers available: 10
2023-04-10 23:15:45,818 t=4: No. of incoming requests: 5
2023-04-10 23:15:45,818 t=4: Warm container with container index 0 used
2023-04-10 23:15:45,818 t=4: No. of incoming requests: 5
2023-04-10 23:15:45,818 t=4: Warm container with container index 1 used
2023-04-10 23:15:45,818 t=4: No. of incoming requests: 5
2023-04-10 23:15:45,818 t=4: Warm container with container index 2 used
2023-04-10 23:15:45,818 t=4: No. of incoming requests: 5
2023-04-10 23:15:45,818 t=4: Warm container with container index 3 used
2023-04-10 23:15:45,818 t=4: No. of incoming requests: 5
2023-04-10 23:15:45,818 t=4: Warm container with container index 4 used
2023-04-10 23:15:45,818 t=5: No. of warm containers available: 10
2023-04-10 23:15:45,818 t=6: No. of warm containers available: 10
2023-04-10 23:15:45,819 t=7: No. of warm containers available: 10
2023-04-10 23:15:45,819 t=7: No. of incoming requests: 10
2023-04-10 23:15:45,819 t=7: Warm container with container index 5 used
2023-04-10 23:15:45,819 t=7: No. of incoming requests: 10
2023-04-10 23:15:45,819 t=7: Warm container with container index 6 used
2023-04-10 23:15:45,819 t=7: No. of incoming requests: 10
2023-04-10 23:15:45,819 t=7: Warm container with container index 7 used
2023-04-10 23:15:45,819 t=7: No. of incoming requests: 10
2023-04-10 23:15:45,819 t=7: Warm container with container index 8 used
2023-04-10 23:15:45,820 t=7: No. of incoming requests: 10
2023-04-10 23:15:45,820 t=7: Warm container with container index 9 used
2023-04-10 23:15:45,820 t=7: No. of incoming requests: 10
2023-04-10 23:15:45,820 t=7: Warm container with container index 0 used
2023-04-10 23:15:45,820 t=7: No. of incoming requests: 10
2023-04-10 23:15:45,820 t=7: Warm container with container index 1 used
2023-04-10 23:15:45,820 t=7: No. of incoming requests: 10
2023-04-10 23:15:45,820 t=7: Warm container with container index 2 used
2023-04-10 23:15:45,820 t=7: No. of incoming requests: 10
2023-04-10 23:15:45,821 t=7: Warm container with container index 3 used
2023-04-10 23:15:45,821 t=7: No. of incoming requests: 10
2023-04-10 23:15:45,821 t=7: Warm container with container index 4 used
2023-04-10 23:15:45,821 t=8: LRU Cold starts: 0
2023-04-10 23:15:45,821 t=8: MRU Cold starts: 5
2023-04-10 23:15:45,821 t=0: Data Input 2	 Requests: 6 Warm Containers: 4
2023-04-10 23:15:45,821 t=0: Initializing 2 warm containers
2023-04-10 23:15:45,821 t=0: No. of warm containers available: 0
2023-04-10 23:15:45,821 t=1: No. of warm containers available: 2
2023-04-10 23:15:45,821 t=2: No. of warm containers available: 2
2023-04-10 23:15:45,821 t=3: Initializing 2 warm containers
2023-04-10 23:15:45,821 t=3: No. of warm containers available: 2
2023-04-10 23:15:45,821 t=4: No. of warm containers available: 4
2023-04-10 23:15:45,821 t=4: No. of incoming requests: 2
2023-04-10 23:15:45,821 t=4: Warm container with container index 0 used
2023-04-10 23:15:45,821 t=4: No. of incoming requests: 2
2023-04-10 23:15:45,821 t=4: Warm container with container index 1 used
2023-04-10 23:15:45,821 t=5: No. of warm containers available: 4
2023-04-10 23:15:45,821 t=6: No. of warm containers available: 4
2023-04-10 23:15:45,821 t=6: No. of incoming requests: 4
2023-04-10 23:15:45,822 t=6: Warm container with container index 2 used
2023-04-10 23:15:45,822 t=6: No. of incoming requests: 4
2023-04-10 23:15:45,822 t=6: Warm container with container index 3 used
2023-04-10 23:15:45,822 t=6: No. of incoming requests: 4
2023-04-10 23:15:45,822 t=6: Warm container with container index 0 used
2023-04-10 23:15:45,822 t=6: No. of incoming requests: 4
2023-04-10 23:15:45,822 t=6: Warm container with container index 1 used
2023-04-10 23:15:45,822 t=7: No. of warm containers available: 4
2023-04-10 23:15:45,822 t=8: LRU Cold starts: 0
2023-04-10 23:15:45,822 t=8: MRU Cold starts: 2
2023-04-10 23:15:45,822 t=0: Data Input 3	 Requests: 13 Warm Containers: 8
2023-04-10 23:15:45,822 t=0: Initializing 5 warm containers
2023-04-10 23:15:45,823 t=0: No. of warm containers available: 0
2023-04-10 23:15:45,823 t=1: No. of warm containers available: 5
2023-04-10 23:15:45,823 t=2: No. of warm containers available: 5
2023-04-10 23:15:45,823 t=3: Initializing 3 warm containers
2023-04-10 23:15:45,823 t=3: No. of warm containers available: 5
2023-04-10 23:15:45,823 t=4: No. of warm containers available: 8
2023-04-10 23:15:45,823 t=4: No. of incoming requests: 5
2023-04-10 23:15:45,823 t=4: Warm container with container index 0 used
2023-04-10 23:15:45,823 t=4: No. of incoming requests: 5
2023-04-10 23:15:45,823 t=4: Warm container with container index 1 used
2023-04-10 23:15:45,823 t=4: No. of incoming requests: 5
2023-04-10 23:15:45,823 t=4: Warm container with container index 2 used
2023-04-10 23:15:45,824 t=4: No. of incoming requests: 5
2023-04-10 23:15:45,824 t=4: Warm container with container index 3 used
2023-04-10 23:15:45,824 t=4: No. of incoming requests: 5
2023-04-10 23:15:45,824 t=4: Warm container with container index 4 used
2023-04-10 23:15:45,824 t=5: No. of warm containers available: 8
2023-04-10 23:15:45,824 t=6: No. of warm containers available: 8
2023-04-10 23:15:45,824 t=7: No. of warm containers available: 8
2023-04-10 23:15:45,824 t=7: No. of incoming requests: 8
2023-04-10 23:15:45,825 t=7: Warm container with container index 5 used
2023-04-10 23:15:45,825 t=7: No. of incoming requests: 8
2023-04-10 23:15:45,825 t=7: Warm container with container index 6 used
2023-04-10 23:15:45,825 t=7: No. of incoming requests: 8
2023-04-10 23:15:45,825 t=7: Warm container with container index 7 used
2023-04-10 23:15:45,825 t=7: No. of incoming requests: 8
2023-04-10 23:15:45,825 t=7: Warm container with container index 0 used
2023-04-10 23:15:45,825 t=7: No. of incoming requests: 8
2023-04-10 23:15:45,825 t=7: Warm container with container index 1 used
2023-04-10 23:15:45,825 t=7: No. of incoming requests: 8
2023-04-10 23:15:45,825 t=7: Warm container with container index 2 used
2023-04-10 23:15:45,825 t=7: No. of incoming requests: 8
2023-04-10 23:15:45,825 t=7: Warm container with container index 3 used
2023-04-10 23:15:45,826 t=7: No. of incoming requests: 8
2023-04-10 23:15:45,826 t=7: Warm container with container index 4 used
2023-04-10 23:15:45,826 t=8: LRU Cold starts: 0
2023-04-10 23:15:45,826 t=8: MRU Cold starts: 3
2023-04-10 23:15:45,826 t=0: Data Input 4	 Requests: 9 Warm Containers: 6
2023-04-10 23:15:45,826 t=0: Initializing 3 warm containers
2023-04-10 23:15:45,826 t=0: No. of warm containers available: 0
2023-04-10 23:15:45,826 t=1: No. of warm containers available: 3
2023-04-10 23:15:45,826 t=2: No. of warm containers available: 3
2023-04-10 23:15:45,826 t=3: Initializing 3 warm containers
2023-04-10 23:15:45,826 t=3: No. of warm containers available: 3
2023-04-10 23:15:45,826 t=4: No. of warm containers available: 6
2023-04-10 23:15:45,827 t=4: No. of incoming requests: 3
2023-04-10 23:15:45,827 t=4: Warm container with container index 0 used
2023-04-10 23:15:45,827 t=4: No. of incoming requests: 3
2023-04-10 23:15:45,827 t=4: Warm container with container index 1 used
2023-04-10 23:15:45,827 t=4: No. of incoming requests: 3
2023-04-10 23:15:45,827 t=4: Warm container with container index 2 used
2023-04-10 23:15:45,827 t=5: No. of warm containers available: 6
2023-04-10 23:15:45,827 t=6: No. of warm containers available: 6
2023-04-10 23:15:45,827 t=7: No. of warm containers available: 6
2023-04-10 23:15:45,827 t=7: No. of incoming requests: 6
2023-04-10 23:15:45,827 t=7: Warm container with container index 3 used
2023-04-10 23:15:45,827 t=7: No. of incoming requests: 6
2023-04-10 23:15:45,827 t=7: Warm container with container index 4 used
2023-04-10 23:15:45,827 t=7: No. of incoming requests: 6
2023-04-10 23:15:45,828 t=7: Warm container with container index 5 used
2023-04-10 23:15:45,828 t=7: No. of incoming requests: 6
2023-04-10 23:15:45,828 t=7: Warm container with container index 0 used
2023-04-10 23:15:45,828 t=7: No. of incoming requests: 6
2023-04-10 23:15:45,828 t=7: Warm container with container index 1 used
2023-04-10 23:15:45,828 t=7: No. of incoming requests: 6
2023-04-10 23:15:45,828 t=7: Warm container with container index 2 used
2023-04-10 23:15:45,829 t=8: LRU Cold starts: 0
2023-04-10 23:15:45,829 t=8: MRU Cold starts: 3
2023-04-10 23:15:45,829 t=0: Data Input 5	 Requests: 7 Warm Containers: 4
2023-04-10 23:15:45,829 t=0: Initializing 2 warm containers
2023-04-10 23:15:45,829 t=0: No. of warm containers available: 0
2023-04-10 23:15:45,830 t=1: No. of warm containers available: 2
2023-04-10 23:15:45,830 t=2: No. of warm containers available: 2
2023-04-10 23:15:45,830 t=3: Initializing 2 warm containers
2023-04-10 23:15:45,830 t=3: No. of warm containers available: 2
2023-04-10 23:15:45,830 t=4: No. of warm containers available: 4
2023-04-10 23:15:45,830 t=4: No. of incoming requests: 3
2023-04-10 23:15:45,830 t=4: Warm container with container index 0 used
2023-04-10 23:15:45,830 t=4: No. of incoming requests: 3
2023-04-10 23:15:45,830 t=4: Warm container with container index 1 used
2023-04-10 23:15:45,830 t=4: No. of incoming requests: 3
2023-04-10 23:15:45,830 t=4: Warm container with container index 2 used
2023-04-10 23:15:45,830 t=5: No. of warm containers available: 4
2023-04-10 23:15:45,830 t=6: No. of warm containers available: 4
2023-04-10 23:15:45,830 t=7: No. of warm containers available: 4
2023-04-10 23:15:45,830 t=7: No. of incoming requests: 4
2023-04-10 23:15:45,830 t=7: Warm container with container index 3 used
2023-04-10 23:15:45,830 t=7: No. of incoming requests: 4
2023-04-10 23:15:45,830 t=7: Warm container with container index 0 used
2023-04-10 23:15:45,830 t=7: No. of incoming requests: 4
2023-04-10 23:15:45,830 t=7: Warm container with container index 1 used
2023-04-10 23:15:45,830 t=7: No. of incoming requests: 4
2023-04-10 23:15:45,831 t=7: Warm container with container index 2 used
2023-04-10 23:15:45,831 t=8: LRU Cold starts: 0
2023-04-10 23:15:45,831 t=8: MRU Cold starts: 1
